<?xml version="1.0" encoding="UTF-8"?>
<testsuite xmlns:xsi="http://www.w3.org/2001/XMLSchema-instance" xsi:noNamespaceSchemaLocation="https://maven.apache.org/surefire/maven-surefire-plugin/xsd/surefire-test-report.xsd" name="br.unicamp.ic.inf335.test.AnuncianteBeanTest" time="0.027" tests="4" errors="0" skipped="0" failures="0">
  <properties>
[...]
</properties>
  <testcase name="testRemoveAnuncio" classname="br.unicamp.ic.inf335.test.AnuncianteBeanTest" time="0.017"/>
  <testcase name="testValorMedioAnuncios" classname="br.unicamp.ic.inf335.test.AnuncianteBeanTest" time="0"/>
  <testcase name="expectIndexOutOfBoundsException" classname="br.unicamp.ic.inf335.test.AnuncianteBeanTest" time="0.002"/>
  <testcase name="testAddAnuncio" classname="br.unicamp.ic.inf335.test.AnuncianteBeanTest" time="0"/>
</testsuite>